<?xml version="1.0" encoding="UTF-8"?>
<testsuite name="Day2Test" tests="2" skipped="0" failures="0" errors="0" timestamp="2020-12-15T14:27:38" hostname="Joans-MacBook-Pro-2.local" time="0.023">
  <properties/>
  <testcase name="returnHowManyPasswordsAreOk()" classname="Day2Test" time="0.022"/>
  <testcase name="return0asswordsAreOk()" classname="Day2Test" time="0.001"/>
  <system-out><![CDATA[]]></system-out>
  <system-err><![CDATA[]]></system-err>
</testsuite>
