<?xml version="1.0" encoding="UTF-8"?>
<testsuite name="Day1Test" tests="1" skipped="0" failures="0" errors="0" timestamp="2020-12-13T16:02:34" hostname="Joans-MacBook-Pro-2.local" time="0.012">
  <properties/>
  <testcase name="addsAllTheNumbers()" classname="Day1Test" time="0.012"/>
  <system-out><![CDATA[]]></system-out>
  <system-err><![CDATA[]]></system-err>
</testsuite>
