<?xml version="1.0" encoding="UTF-8"?>
<testsuite name="Day1Test" tests="2" skipped="0" failures="0" errors="0" timestamp="2020-12-13T11:58:37" hostname="Joans-MacBook-Pro-2.local" time="0.064">
  <properties/>
  <testcase name="addsBothNumbers()" classname="Day1Test" time="0.06"/>
  <testcase name="returnMinusOneIfThereAreNotCoincidences()" classname="Day1Test" time="0.002"/>
  <system-out><![CDATA[]]></system-out>
  <system-err><![CDATA[]]></system-err>
</testsuite>
