<?xml version="1.0" encoding="UTF-8"?>
<testsuite name="Day2Test" tests="1" skipped="0" failures="0" errors="0" timestamp="2020-12-15T14:51:10" hostname="Joans-MacBook-Pro-2.local" time="0.017">
  <properties/>
  <testcase name="returnHowManyPasswordsAreOkWithPolicyPosition()" classname="Day2Test" time="0.017"/>
  <system-out><![CDATA[]]></system-out>
  <system-err><![CDATA[]]></system-err>
</testsuite>
